<?xml version="1.0" encoding="UTF-8"?>
<!-- Generated by org.testng.reporters.JUnitReportReporter -->
<testsuite skipped="0" hostname="SACHU-PC" name="com.test.TestNGBasic" tests="1" failures="0" timestamp="26 Jul 2019 08:34:37 GMT" time="0.034" errors="0">
  <testcase name="demoTest" time="0.034" classname="com.test.TestNGBasic"/>
</testsuite> <!-- com.test.TestNGBasic -->
