<?xml version="1.0" encoding="UTF-8"?>
<!-- Generated by org.testng.reporters.JUnitReportReporter -->
<testsuite hostname="SACHU-PC" name="com.test.TestNgFeatures" tests="3" failures="0" timestamp="28 Jul 2019 12:00:28 GMT" time="0.006" errors="0">
  <testcase name="serachPageTest" time="0.001" classname="com.test.TestNgFeatures"/>
  <testcase name="homePageTest" time="0.004" classname="com.test.TestNgFeatures"/>
  <testcase name="loginPageTest" time="0.001" classname="com.test.TestNgFeatures"/>
</testsuite> <!-- com.test.TestNgFeatures -->
