<?xml version="1.0" encoding="UTF-8"?>
<!-- Generated by org.testng.reporters.JUnitReportReporter -->
<testsuite hostname="SACHU-PC" name="com.test.InvocationCountTest" tests="10" failures="0" timestamp="28 Jul 2019 12:00:28 GMT" time="0.018" errors="0">
  <testcase name="sum" time="0.001" classname="com.test.InvocationCountTest"/>
  <testcase name="sum" time="0.003" classname="com.test.InvocationCountTest"/>
  <testcase name="sum" time="0.002" classname="com.test.InvocationCountTest"/>
  <testcase name="sum" time="0.001" classname="com.test.InvocationCountTest"/>
  <testcase name="sum" time="0.000" classname="com.test.InvocationCountTest"/>
  <testcase name="sum" time="0.003" classname="com.test.InvocationCountTest"/>
  <testcase name="sum" time="0.004" classname="com.test.InvocationCountTest"/>
  <testcase name="sum" time="0.001" classname="com.test.InvocationCountTest"/>
  <testcase name="sum" time="0.001" classname="com.test.InvocationCountTest"/>
  <testcase name="sum" time="0.002" classname="com.test.InvocationCountTest"/>
</testsuite> <!-- com.test.InvocationCountTest -->
