<?xml version="1.0" encoding="UTF-8"?>
<!-- Generated by org.testng.reporters.JUnitReportReporter -->
<testsuite hostname="SACHU-PC" name="com.test.TestNGLifeCycle" tests="2" failures="0" timestamp="26 Jul 2019 11:24:41 GMT" time="0.011" errors="0">
  <testcase name="googleLogoTest" time="0.009" classname="com.test.TestNGLifeCycle"/>
  <testcase name="googleTitleTest" time="0.002" classname="com.test.TestNGLifeCycle"/>
</testsuite> <!-- com.test.TestNGLifeCycle -->
