<?xml version="1.0" encoding="UTF-8"?>
<!-- Generated by org.testng.reporters.JUnitReportReporter -->
<testsuite hostname="SACHU-PC" name="com.test.ExpectedExceptionFeature" tests="1" failures="0" timestamp="28 Jul 2019 12:00:28 GMT" time="0.001" errors="0">
  <testcase name="exceptionTest" time="0.001" classname="com.test.ExpectedExceptionFeature"/>
</testsuite> <!-- com.test.ExpectedExceptionFeature -->
